C51 COMPILER V9.60.0.0   INTERRUPTS                                                        11/16/2021 15:17:18 PAGE 1   


C51 COMPILER V9.60.0.0, COMPILATION OF MODULE INTERRUPTS
OBJECT MODULE PLACED IN .\src\Interrupts.OBJ
COMPILER INVOKED BY: C:\SiliconLabs\SimplicityStudio\v5\developer\toolchains\keil_8051\9.60\BIN\C51.exe C:\Users\hallgat
                    -o\SimplicityStudio\v5_workspace\02\src\Interrupts.c OMF2 SMALL DEBUG OBJECTEXTEND ROM(LARGE) WARNINGLEVEL(2) FLOATFUZZY(
                    -3) OPTIMIZE(8,SPEED) DEFINE(DEBUG=1) INTVECTOR(0X0000) INTPROMOTE INCDIR(C:\Users\hallgato\SimplicityStudio\v5_workspace
                    -\02\inc;C:/SiliconLabs/SimplicityStudio/v5/developer/sdks/8051/v4.2.1//Device/shared/si8051Base;C:/SiliconLabs/Simplicit
                    -yStudio/v5/developer/sdks/8051/v4.2.1//Device/EFM8BB1/inc) PRINT(.\src\Interrupts.lst) COND PAGEWIDTH(120) PAGELENGTH(65
                    -) OBJECT(.\src\Interrupts.OBJ)

line level    source

   1          //=========================================================
   2          // src/Interrupts.c: generated by Hardware Configurator
   3          //
   4          // This file will be regenerated when saving a document.
   5          // leave the sections inside the "$[...]" comment tags alone
   6          // or they will be overwritten!
   7          //=========================================================
   8          
   9          // USER INCLUDES
  10          #include <SI_EFM8BB1_Register_Enums.h>
  11          #define SW1 P0_B1
  12          
  13          //-----------------------------------------------------------------------------
  14          // TIMER2_ISR
  15          //-----------------------------------------------------------------------------
  16          //
  17          // TIMER2 ISR Content goes here. Remember to clear flag bits:
  18          // TMR2CN0::TF2H (Timer # High Byte Overflow Flag)
  19          // TMR2CN0::TF2L (Timer # Low Byte Overflow Flag)
  20          //
  21          //-----------------------------------------------------------------------------
  22          SI_INTERRUPT (TIMER2_ISR, TIMER2_IRQn)
  23            {
  24   1          TMR2CN0_TF2H = 0;
  25   1          if(!SW1) {
  26   2              PCA0CPH0 += 64;
  27   2          }
  28   1      
  29   1        }
  30          


MODULE INFORMATION:   STATIC OVERLAYABLE
   CODE SIZE        =     23    ----
   CONSTANT SIZE    =   ----    ----
   XDATA SIZE       =   ----    ----
   PDATA SIZE       =   ----    ----
   DATA SIZE        =   ----    ----
   IDATA SIZE       =   ----    ----
   BIT SIZE         =   ----    ----
   EDATA SIZE       =   ----    ----
   HDATA SIZE       =   ----    ----
   XDATA CONST SIZE =   ----    ----
   FAR CONST SIZE   =   ----    ----
END OF MODULE INFORMATION.


C51 COMPILATION COMPLETE.  0 WARNING(S),  0 ERROR(S)
