C51 COMPILER V9.60.0.0   01_MAIN                                                           10/19/2021 15:37:39 PAGE 1   


C51 COMPILER V9.60.0.0, COMPILATION OF MODULE 01_MAIN
OBJECT MODULE PLACED IN .\src\01_main.OBJ
COMPILER INVOKED BY: C:\SiliconLabs\SimplicityStudio\v5\developer\toolchains\keil_8051\9.60\BIN\C51.exe C:\miclab\07\03\
                    -src\01_main.c OMF2 SMALL DEBUG OBJECTEXTEND ROM(LARGE) WARNINGLEVEL(2) FLOATFUZZY(3) OPTIMIZE(8,SPEED) DEFINE(DEBUG=1) I
                    -NTVECTOR(0X0000) INTPROMOTE INCDIR(C:\miclab\07\03\inc;C:/SiliconLabs/SimplicityStudio/v5/developer/sdks/8051/v4.2.1//De
                    -vice/shared/si8051Base;C:/SiliconLabs/SimplicityStudio/v5/developer/sdks/8051/v4.2.1//Device/EFM8BB1/inc) PRINT(.\src\01
                    -_main.lst) COND PAGEWIDTH(120) PAGELENGTH(65) OBJECT(.\src\01_main.OBJ)

line level    source

   1          //=========================================================
   2          // src/01_main.c: generated by Hardware Configurator
   3          //
   4          // This file will be updated when saving a document.
   5          // leave the sections inside the "$[...]" comment tags alone
   6          // or they will be overwritten!!
   7          //=========================================================
   8          
   9          //-----------------------------------------------------------------------------
  10          // Includes
  11          //-----------------------------------------------------------------------------
  12          #include <SI_EFM8BB1_Register_Enums.h>                  // SFR declarations
  13          #include "InitDevice.h"
  14          // $[Generated Includes]
  15          // [Generated Includes]$
  16          
  17          #define OFF 0
  18          #define ON 1
  19          #define N_OFF !OFF
  20          #define N_ON !ON
  21          
  22          // DECODER defines
  23          #define DECODER_A P1_B1
  24          #define DECODER_B P1_B2
  25          #define DECODER_C P0_B4
  26          
  27          // SHIFT REGISTER defines
  28          #define DISP_CLOCK P0_B0
  29          #define DISP_DATA P0_B2
  30          #define DISP_OUT_ENABLE P0_B3
  31          
  32          uint8_t bitSelector = 0;
  33          uint8_t NUMBERS[10] = {0x3f, 0x06, 0x5b, 0x4f, 0x66, 0x6d, 0x7d, 0x07, 0x7f, 0x6f};
  34          const int32_t NUM = 0x3f065b4f;
  35          
  36          void displayData (uint8_t inputData)
  37          {
  38   1        inputData = ~inputData;
  39   1        DISP_OUT_ENABLE = ON ;
  40   1        for(bitSelector = 0; bitSelector < 8; bitSelector++)
  41   1          {
  42   2            DISP_DATA = (inputData >> (7-bitSelector)) & 1U;
  43   2            DISP_CLOCK = N_OFF;
  44   2            DISP_CLOCK = N_ON;
  45   2          }
  46   1        DISP_OUT_ENABLE = OFF;
  47   1        DISP_OUT_ENABLE = ON;
  48   1        DISP_OUT_ENABLE = OFF;
  49   1      }
  50          
  51          void decoderSelect (uint8_t A, uint8_t B, uint8_t C)
  52          {
C51 COMPILER V9.60.0.0   01_MAIN                                                           10/19/2021 15:37:39 PAGE 2   

  53   1        DECODER_A = A & 0x01;
  54   1        DECODER_B = B & 0x01;
  55   1        DECODER_C = C & 0x01;
  56   1      }
  57          
  58          void display (uint8_t A, uint8_t B, uint8_t C, uint8_t myData)
  59          {
  60   1        decoderSelect(A, B, C);
  61   1        displayData(myData);
  62   1        while(!TCON_TF0);
  63   1        TCON_TF0 = OFF;
  64   1      }
  65          //-----------------------------------------------------------------------------
  66          // SiLabs_Startup() Routine
  67          // ----------------------------------------------------------------------------
  68          // This function is called immediately after reset, before the initialization
  69          // code is run in SILABS_STARTUP.A51 (which runs before main() ). This is a
  70          // useful place to disable the watchdog timer, which is enable by default
  71          // and may trigger before main() in some instances.
  72          //-----------------------------------------------------------------------------
  73          void SiLabs_Startup (void)
  74          {
  75   1        // $[SiLabs Startup]
  76   1        // [SiLabs Startup]$
  77   1      }
  78          
  79          //-----------------------------------------------------------------------------
  80          // main() Routine
  81          // ----------------------------------------------------------------------------
  82          int main (void)
  83          {
  84   1        // Call hardware initialization routine
  85   1        enter_DefaultMode_from_RESET();
  86   1      
  87   1        while (1) 
  88   1        {
  89   2          // $[Generated Run-time code]
  90   2          // [Generated Run-time code]$
  91   2            // Megnéztük, de nem tudtuk rájönni mi lehet a hiba, a display rossz blokkokat választott ki.
  92   2            display(0, 0, 0, NUM & 0xf);
  93   2            display(0, 0, 1, NUM & 0xf0);
  94   2            display(0, 1, 0, NUM & 0xf00);
  95   2            display(0, 1, 1, NUM & 0xf000);
  96   2        }                             
  97   1      }


MODULE INFORMATION:   STATIC OVERLAYABLE
   CODE SIZE        =    129    ----
   CONSTANT SIZE    =   ----    ----
   XDATA SIZE       =   ----    ----
   PDATA SIZE       =   ----    ----
   DATA SIZE        =     15       4
   IDATA SIZE       =   ----    ----
   BIT SIZE         =   ----    ----
   EDATA SIZE       =   ----    ----
   HDATA SIZE       =   ----    ----
   XDATA CONST SIZE =   ----    ----
   FAR CONST SIZE   =   ----    ----
END OF MODULE INFORMATION.


C51 COMPILATION COMPLETE.  0 WARNING(S),  0 ERROR(S)
