C51 COMPILER V9.60.0.0   F1_MAIN                                                           11/09/2021 14:36:50 PAGE 1   


C51 COMPILER V9.60.0.0, COMPILATION OF MODULE F1_MAIN
OBJECT MODULE PLACED IN .\src\f1_main.OBJ
COMPILER INVOKED BY: c:\SiliconLabs\SimplicityStudio\v5\developer\toolchains\keil_8051\9.60\BIN\C51.exe C:\Users\hallgat
                    -o\SimplicityStudio\v5_workspace\f1\src\f1_main.c OMF2 SMALL DEBUG OBJECTEXTEND ROM(LARGE) WARNINGLEVEL(2) FLOATFUZZY(3) 
                    -OPTIMIZE(8,SPEED) DEFINE(DEBUG=1) INTVECTOR(0X0000) INTPROMOTE INCDIR(C:\Users\hallgato\SimplicityStudio\v5_workspace\f1
                    -\inc;C:/SiliconLabs/SimplicityStudio/v5/developer/sdks/8051/v4.2.1//Device/shared/si8051Base;C:/SiliconLabs/SimplicitySt
                    -udio/v5/developer/sdks/8051/v4.2.1//Device/EFM8BB1/inc) PRINT(.\src\f1_main.lst) COND PAGEWIDTH(120) PAGELENGTH(65) OBJE
                    -CT(.\src\f1_main.OBJ)

line level    source

   1          //=========================================================
   2          // src/f1_main.c: generated by Hardware Configurator
   3          //
   4          // This file will be updated when saving a document.
   5          // leave the sections inside the "$[...]" comment tags alone
   6          // or they will be overwritten!!
   7          //=========================================================
   8          
   9          //-----------------------------------------------------------------------------
  10          // Includes
  11          //-----------------------------------------------------------------------------
  12          #include <SI_EFM8BB1_Register_Enums.h>                  // SFR declarations
  13          #include "InitDevice.h"
  14          // $[Generated Includes]
  15          // [Generated Includes]$
  16          
  17          #define DECODER_A P1_B1
  18          #define DECODER_B P1_B2
  19          #define DECODER_C P0_B4
  20          
  21          #define DISP_OUT_ENABLE P0_B3
  22          
  23          #define LOW 0
  24          #define HIGH 1
  25          
  26          uint8_t numbers[] = {0x3F, 0x06, 0x5B, 0x4F, 0x66, 0x6D, 0x7D, 0x07, 0x7F, 0x6F};
  27          
  28          //-----------------------------------------------------------------------------
  29          // SiLabs_Startup() Routine
  30          // ----------------------------------------------------------------------------
  31          // This function is called immediately after reset, before the initialization
  32          // code is run in SILABS_STARTUP.A51 (which runs before main() ). This is a
  33          // useful place to disable the watchdog timer, which is enable by default
  34          // and may trigger before main() in some instances.
  35          //-----------------------------------------------------------------------------
  36          void SiLabs_Startup (void)
  37          {
  38   1        // $[SiLabs Startup]
  39   1        // [SiLabs Startup]$
  40   1      }
  41          
  42          void write_SPI0(uint8_t number) {
  43   1        SPI0DAT = ~number;
  44   1        while(!SPI0CN0_SPIF);
  45   1        SPI0CN0_SPIF = LOW;
  46   1        DISP_OUT_ENABLE = HIGH;
  47   1        DISP_OUT_ENABLE = LOW;
  48   1      }
  49          
  50          //-----------------------------------------------------------------------------
  51          // main() Routine
C51 COMPILER V9.60.0.0   F1_MAIN                                                           11/09/2021 14:36:50 PAGE 2   

  52          // ----------------------------------------------------------------------------
  53          int main (void)
  54          {
  55   1        // Call hardware initialization routine
  56   1        enter_DefaultMode_from_RESET();
  57   1        
  58   1        DECODER_A = LOW;
  59   1        DECODER_B = LOW;
  60   1        DECODER_C = LOW;
  61   1      
  62   1        SPI0CN0_SPIF = HIGH;
  63   1      
  64   1        write_SPI0(numbers[0]);
  65   1      
  66   1      
  67   1      
  68   1        while (1) 
  69   1        {
  70   2          // $[Generated Run-time code]
  71   2          // [Generated Run-time code]$
  72   2        }                             
  73   1      }


MODULE INFORMATION:   STATIC OVERLAYABLE
   CODE SIZE        =     33    ----
   CONSTANT SIZE    =   ----    ----
   XDATA SIZE       =   ----    ----
   PDATA SIZE       =   ----    ----
   DATA SIZE        =     10    ----
   IDATA SIZE       =   ----    ----
   BIT SIZE         =   ----    ----
   EDATA SIZE       =   ----    ----
   HDATA SIZE       =   ----    ----
   XDATA CONST SIZE =   ----    ----
   FAR CONST SIZE   =   ----    ----
END OF MODULE INFORMATION.


C51 COMPILATION COMPLETE.  0 WARNING(S),  0 ERROR(S)
