C51 COMPILER V9.60.0.0   INITDEVICE                                                        11/09/2021 14:35:30 PAGE 1   


C51 COMPILER V9.60.0.0, COMPILATION OF MODULE INITDEVICE
OBJECT MODULE PLACED IN .\src\InitDevice.OBJ
COMPILER INVOKED BY: c:\SiliconLabs\SimplicityStudio\v5\developer\toolchains\keil_8051\9.60\BIN\C51.exe C:\Users\hallgat
                    -o\SimplicityStudio\v5_workspace\f1\src\InitDevice.c OMF2 SMALL DEBUG OBJECTEXTEND ROM(LARGE) WARNINGLEVEL(2) FLOATFUZZY(
                    -3) OPTIMIZE(8,SPEED) DEFINE(DEBUG=1) INTVECTOR(0X0000) INTPROMOTE INCDIR(C:\Users\hallgato\SimplicityStudio\v5_workspace
                    -\f1\inc;C:/SiliconLabs/SimplicityStudio/v5/developer/sdks/8051/v4.2.1//Device/shared/si8051Base;C:/SiliconLabs/Simplicit
                    -yStudio/v5/developer/sdks/8051/v4.2.1//Device/EFM8BB1/inc) PRINT(.\src\InitDevice.lst) COND PAGEWIDTH(120) PAGELENGTH(65
                    -) OBJECT(.\src\InitDevice.OBJ)

line level    source

   1          //=========================================================
   2          // src/InitDevice.c: generated by Hardware Configurator
   3          //
   4          // This file will be regenerated when saving a document.
   5          // leave the sections inside the "$[...]" comment tags alone
   6          // or they will be overwritten!
   7          //=========================================================
   8          
   9          // USER INCLUDES
  10          #include <SI_EFM8BB1_Register_Enums.h>
  11          #include "InitDevice.h"
  12          
  13          // USER PROTOTYPES
  14          // USER FUNCTIONS
  15          
  16          // $[Library Includes]
  17          // [Library Includes]$
  18          
  19          //==============================================================================
  20          // enter_DefaultMode_from_RESET
  21          //==============================================================================
  22          extern void
  23          enter_DefaultMode_from_RESET (void)
  24          {
  25   1        // $[Config Calls]
  26   1        WDT_0_enter_DefaultMode_from_RESET ();
  27   1        PORTS_0_enter_DefaultMode_from_RESET ();
  28   1        PORTS_1_enter_DefaultMode_from_RESET ();
  29   1        PBCFG_0_enter_DefaultMode_from_RESET ();
  30   1        SPI_0_enter_DefaultMode_from_RESET ();
  31   1        // [Config Calls]$
  32   1      
  33   1      }
  34          
  35          extern void
  36          WDT_0_enter_DefaultMode_from_RESET (void)
  37          {
  38   1        // $[Watchdog Timer Init Variable Declarations]
  39   1        uint32_t i;
  40   1        bool ea;
  41   1        // [Watchdog Timer Init Variable Declarations]$
  42   1      
  43   1        // $[WDTCN - Watchdog Timer Control]
  44   1        // Deprecated
  45   1        // [WDTCN - Watchdog Timer Control]$
  46   1      
  47   1        // $[WDTCN_2 - Watchdog Timer Control]
  48   1      
  49   1        // Feed WDT timer before disabling (Erratum WDT_E102)
  50   1        WDTCN = 0xA5;
  51   1      
C51 COMPILER V9.60.0.0   INITDEVICE                                                        11/09/2021 14:35:30 PAGE 2   

  52   1        // Add 2 LFO cycle delay before disabling WDT (Erratum WDT_E102)
  53   1        for (i = 0; i < (2 * 3062500UL) / (10000 * 3); i++)
  54   1          {
  55   2            NOP ();
  56   2          }
  57   1      
  58   1        // Disable WDT
  59   1        ea = IE_EA;
  60   1        IE_EA = 0;
  61   1        WDTCN = 0xDE;
  62   1        WDTCN = 0xAD;
  63   1        IE_EA = ea;
  64   1      
  65   1        // [WDTCN_2 - Watchdog Timer Control]$
  66   1      
  67   1      }
  68          
  69          extern void
  70          PORTS_0_enter_DefaultMode_from_RESET (void)
  71          {
  72   1        // $[P0 - Port 0 Pin Latch]
  73   1        // [P0 - Port 0 Pin Latch]$
  74   1      
  75   1        // $[P0MDOUT - Port 0 Output Mode]
  76   1        /***********************************************************************
  77   1         - P0.0 output is push-pull
  78   1         - P0.1 output is open-drain
  79   1         - P0.2 output is push-pull
  80   1         - P0.3 output is push-pull
  81   1         - P0.4 output is push-pull
  82   1         - P0.5 output is open-drain
  83   1         - P0.6 output is open-drain
  84   1         - P0.7 output is open-drain
  85   1         ***********************************************************************/
  86   1        P0MDOUT = P0MDOUT_B0__PUSH_PULL | P0MDOUT_B1__OPEN_DRAIN
  87   1            | P0MDOUT_B2__PUSH_PULL | P0MDOUT_B3__PUSH_PULL | P0MDOUT_B4__PUSH_PULL
  88   1            | P0MDOUT_B5__OPEN_DRAIN | P0MDOUT_B6__OPEN_DRAIN
  89   1            | P0MDOUT_B7__OPEN_DRAIN;
  90   1        // [P0MDOUT - Port 0 Output Mode]$
  91   1      
  92   1        // $[P0MDIN - Port 0 Input Mode]
  93   1        // [P0MDIN - Port 0 Input Mode]$
  94   1      
  95   1        // $[P0SKIP - Port 0 Skip]
  96   1        // [P0SKIP - Port 0 Skip]$
  97   1      
  98   1        // $[P0MASK - Port 0 Mask]
  99   1        // [P0MASK - Port 0 Mask]$
 100   1      
 101   1        // $[P0MAT - Port 0 Match]
 102   1        // [P0MAT - Port 0 Match]$
 103   1      
 104   1      }
 105          
 106          extern void
 107          PORTS_1_enter_DefaultMode_from_RESET (void)
 108          {
 109   1        // $[P1 - Port 1 Pin Latch]
 110   1        // [P1 - Port 1 Pin Latch]$
 111   1      
 112   1        // $[P1MDOUT - Port 1 Output Mode]
 113   1        /***********************************************************************
 114   1         - P1.0 output is open-drain
C51 COMPILER V9.60.0.0   INITDEVICE                                                        11/09/2021 14:35:30 PAGE 3   

 115   1         - P1.1 output is push-pull
 116   1         - P1.2 output is push-pull
 117   1         - P1.3 output is open-drain
 118   1         - P1.4 output is open-drain
 119   1         - P1.5 output is open-drain
 120   1         - P1.6 output is open-drain
 121   1         - P1.7 output is open-drain
 122   1         ***********************************************************************/
 123   1        P1MDOUT = P1MDOUT_B0__OPEN_DRAIN | P1MDOUT_B1__PUSH_PULL
 124   1            | P1MDOUT_B2__PUSH_PULL | P1MDOUT_B3__OPEN_DRAIN | P1MDOUT_B4__OPEN_DRAIN
 125   1            | P1MDOUT_B5__OPEN_DRAIN | P1MDOUT_B6__OPEN_DRAIN
 126   1            | P1MDOUT_B7__OPEN_DRAIN;
 127   1        // [P1MDOUT - Port 1 Output Mode]$
 128   1      
 129   1        // $[P1MDIN - Port 1 Input Mode]
 130   1        // [P1MDIN - Port 1 Input Mode]$
 131   1      
 132   1        // $[P1SKIP - Port 1 Skip]
 133   1        // [P1SKIP - Port 1 Skip]$
 134   1      
 135   1        // $[P1MASK - Port 1 Mask]
 136   1        // [P1MASK - Port 1 Mask]$
 137   1      
 138   1        // $[P1MAT - Port 1 Match]
 139   1        // [P1MAT - Port 1 Match]$
 140   1      
 141   1      }
 142          
 143          extern void
 144          PBCFG_0_enter_DefaultMode_from_RESET (void)
 145          {
 146   1        // $[XBR2 - Port I/O Crossbar 2]
 147   1        /***********************************************************************
 148   1         - Weak Pullups enabled 
 149   1         - Crossbar enabled
 150   1         ***********************************************************************/
 151   1        XBR2 = XBR2_WEAKPUD__PULL_UPS_ENABLED | XBR2_XBARE__ENABLED;
 152   1        // [XBR2 - Port I/O Crossbar 2]$
 153   1      
 154   1        // $[PRTDRV - Port Drive Strength]
 155   1        // [PRTDRV - Port Drive Strength]$
 156   1      
 157   1        // $[XBR0 - Port I/O Crossbar 0]
 158   1        /***********************************************************************
 159   1         - UART I/O unavailable at Port pin
 160   1         - SPI I/O routed to Port pins
 161   1         - SMBus 0 I/O unavailable at Port pins
 162   1         - CP0 unavailable at Port pin
 163   1         - Asynchronous CP0 unavailable at Port pin
 164   1         - CP1 unavailable at Port pin
 165   1         - Asynchronous CP1 unavailable at Port pin
 166   1         - SYSCLK unavailable at Port pin
 167   1         ***********************************************************************/
 168   1        XBR0 = XBR0_URT0E__DISABLED | XBR0_SPI0E__ENABLED | XBR0_SMB0E__DISABLED
 169   1            | XBR0_CP0E__DISABLED | XBR0_CP0AE__DISABLED | XBR0_CP1E__DISABLED
 170   1            | XBR0_CP1AE__DISABLED | XBR0_SYSCKE__DISABLED;
 171   1        // [XBR0 - Port I/O Crossbar 0]$
 172   1      
 173   1        // $[XBR1 - Port I/O Crossbar 1]
 174   1        // [XBR1 - Port I/O Crossbar 1]$
 175   1      
 176   1      }
 177          
C51 COMPILER V9.60.0.0   INITDEVICE                                                        11/09/2021 14:35:30 PAGE 4   

 178          extern void
 179          SPI_0_enter_DefaultMode_from_RESET (void)
 180          {
 181   1        // $[SPI0CKR - SPI0 Clock Rate]
 182   1        // [SPI0CKR - SPI0 Clock Rate]$
 183   1      
 184   1        // $[SPI0CFG - SPI0 Configuration]
 185   1        /***********************************************************************
 186   1         - Data centered on second edge of SCK period
 187   1         - SCK line high in idle state
 188   1         - Enable master mode. Operate as a master
 189   1         ***********************************************************************/
 190   1        SPI0CFG |= SPI0CFG_CKPHA__DATA_CENTERED_SECOND | SPI0CFG_CKPOL__IDLE_HIGH
 191   1            | SPI0CFG_MSTEN__MASTER_ENABLED;
 192   1        // [SPI0CFG - SPI0 Configuration]$
 193   1      
 194   1        // $[SPI0CN0 - SPI0 Control]
 195   1        /***********************************************************************
 196   1         - Enable the SPI module
 197   1         - 3-Wire Slave or 3-Wire Master Mode
 198   1         ***********************************************************************/
 199   1        SPI0CN0 &= ~SPI0CN0_NSSMD__FMASK;
 200   1        SPI0CN0 |= SPI0CN0_SPIEN__ENABLED;
 201   1        // [SPI0CN0 - SPI0 Control]$
 202   1      
 203   1      }
 204          


MODULE INFORMATION:   STATIC OVERLAYABLE
   CODE SIZE        =    113    ----
   CONSTANT SIZE    =   ----    ----
   XDATA SIZE       =   ----    ----
   PDATA SIZE       =   ----    ----
   DATA SIZE        =   ----       4
   IDATA SIZE       =   ----    ----
   BIT SIZE         =   ----       1
   EDATA SIZE       =   ----    ----
   HDATA SIZE       =   ----    ----
   XDATA CONST SIZE =   ----    ----
   FAR CONST SIZE   =   ----    ----
END OF MODULE INFORMATION.


C51 COMPILATION COMPLETE.  0 WARNING(S),  0 ERROR(S)
