C51 COMPILER V9.60.0.0   02_MAIN                                                           11/02/2021 15:19:13 PAGE 1   


C51 COMPILER V9.60.0.0, COMPILATION OF MODULE 02_MAIN
OBJECT MODULE PLACED IN .\src\02_main.OBJ
COMPILER INVOKED BY: c:\SiliconLabs\SimplicityStudio\v5\developer\toolchains\keil_8051\9.60\BIN\C51.exe C:\Users\hallgat
                    -o\SimplicityStudio\v5_workspace\02\src\02_main.c OMF2 SMALL DEBUG OBJECTEXTEND ROM(LARGE) WARNINGLEVEL(2) FLOATFUZZY(3) 
                    -OPTIMIZE(8,SPEED) DEFINE(DEBUG=1) INTVECTOR(0X0000) INTPROMOTE INCDIR(C:\Users\hallgato\SimplicityStudio\v5_workspace\02
                    -\inc;C:/SiliconLabs/SimplicityStudio/v5/developer/sdks/8051/v4.2.1//Device/shared/si8051Base;C:/SiliconLabs/SimplicitySt
                    -udio/v5/developer/sdks/8051/v4.2.1//Device/EFM8BB1/inc) PRINT(.\src\02_main.lst) COND PAGEWIDTH(120) PAGELENGTH(65) OBJE
                    -CT(.\src\02_main.OBJ)

line level    source

   1          //=========================================================
   2          // src/02_main.c: generated by Hardware Configurator
   3          //
   4          // This file will be updated when saving a document.
   5          // leave the sections inside the "$[...]" comment tags alone
   6          // or they will be overwritten!!
   7          //=========================================================
   8          
   9          //-----------------------------------------------------------------------------
  10          // Includes
  11          //-----------------------------------------------------------------------------
  12          #include <SI_EFM8BB1_Register_Enums.h>                  // SFR declarations
  13          #include "InitDevice.h"
  14          // $[Generated Includes]
  15          // [Generated Includes]$
  16          
  17          #define BTN_PRESSED 0
  18          #define BTN0 P0_B2
  19          #define LED0 P1_B4
  20          #define ON 1
  21          #define LED_ON 0
  22          #define LED_OFF 1
  23          
  24          volatile uint8_t UART_data_RX;
  25          volatile uint8_t UART_data_TX;
  26          
  27          
  28          //-----------------------------------------------------------------------------
  29          // SiLabs_Startup() Routine
  30          // ----------------------------------------------------------------------------
  31          // This function is called immediately after reset, before the initialization
  32          // code is run in SILABS_STARTUP.A51 (which runs before main() ). This is a
  33          // useful place to disable the watchdog timer, which is enable by default
  34          // and may trigger before main() in some instances.
  35          //-----------------------------------------------------------------------------
  36          void SiLabs_Startup (void)
  37          {
  38   1        // $[SiLabs Startup]
  39   1        // [SiLabs Startup]$
  40   1      }
  41          
  42          //-----------------------------------------------------------------------------
  43          // main() Routine
  44          // ----------------------------------------------------------------------------
  45          int main (void)
  46          {
  47   1        // Call hardware initialization routine
  48   1        enter_DefaultMode_from_RESET();
  49   1        
  50   1        SCON0_TI = ON;
  51   1      
C51 COMPILER V9.60.0.0   02_MAIN                                                           11/02/2021 15:19:13 PAGE 2   

  52   1        while (1) 
  53   1        {
  54   2          // $[Generated Run-time code]
  55   2          // [Generated Run-time code]$
  56   2          if(BTN0 == BTN_PRESSED) {
  57   3              UART_data_TX = 'L';
  58   3          }
  59   2          if(BTN0 != BTN_PRESSED) {
  60   3              UART_data_TX = 'o';
  61   3          }
  62   2          if(UART_data_RX == 'o') {
  63   3              LED0 = LED_ON;
  64   3          }
  65   2          if(UART_data_RX == 'L') {
  66   3              LED0 = LED_OFF;
  67   3          }
  68   2        }                             
  69   1      }


MODULE INFORMATION:   STATIC OVERLAYABLE
   CODE SIZE        =     34    ----
   CONSTANT SIZE    =   ----    ----
   XDATA SIZE       =   ----    ----
   PDATA SIZE       =   ----    ----
   DATA SIZE        =      2    ----
   IDATA SIZE       =   ----    ----
   BIT SIZE         =   ----    ----
   EDATA SIZE       =   ----    ----
   HDATA SIZE       =   ----    ----
   XDATA CONST SIZE =   ----    ----
   FAR CONST SIZE   =   ----    ----
END OF MODULE INFORMATION.


C51 COMPILATION COMPLETE.  0 WARNING(S),  0 ERROR(S)
