C51 COMPILER V9.60.0.0   INTERRUPTS                                                        11/02/2021 15:19:13 PAGE 1   


C51 COMPILER V9.60.0.0, COMPILATION OF MODULE INTERRUPTS
OBJECT MODULE PLACED IN .\src\Interrupts.OBJ
COMPILER INVOKED BY: c:\SiliconLabs\SimplicityStudio\v5\developer\toolchains\keil_8051\9.60\BIN\C51.exe C:\Users\hallgat
                    -o\SimplicityStudio\v5_workspace\02\src\Interrupts.c OMF2 SMALL DEBUG OBJECTEXTEND ROM(LARGE) WARNINGLEVEL(2) FLOATFUZZY(
                    -3) OPTIMIZE(8,SPEED) DEFINE(DEBUG=1) INTVECTOR(0X0000) INTPROMOTE INCDIR(C:\Users\hallgato\SimplicityStudio\v5_workspace
                    -\02\inc;C:/SiliconLabs/SimplicityStudio/v5/developer/sdks/8051/v4.2.1//Device/shared/si8051Base;C:/SiliconLabs/Simplicit
                    -yStudio/v5/developer/sdks/8051/v4.2.1//Device/EFM8BB1/inc) PRINT(.\src\Interrupts.lst) COND PAGEWIDTH(120) PAGELENGTH(65
                    -) OBJECT(.\src\Interrupts.OBJ)

line level    source

   1          //=========================================================
   2          // src/Interrupts.c: generated by Hardware Configurator
   3          //
   4          // This file will be regenerated when saving a document.
   5          // leave the sections inside the "$[...]" comment tags alone
   6          // or they will be overwritten!
   7          //=========================================================
   8          
   9          // USER INCLUDES
  10          #include <SI_EFM8BB1_Register_Enums.h>
  11          #define CLEAR 0
  12          #define DONE 1
  13          extern uint8_t UART_data_RX;
  14          extern uint8_t UART_data_TX;
  15          
  16          //-----------------------------------------------------------------------------
  17          // UART0_ISR
  18          //-----------------------------------------------------------------------------
  19          //
  20          // UART0 ISR Content goes here. Remember to clear flag bits:
  21          // SCON0::RI (Receive Interrupt Flag)
  22          // SCON0::TI (Transmit Interrupt Flag)
  23          //
  24          //-----------------------------------------------------------------------------
  25          SI_INTERRUPT (UART0_ISR, UART0_IRQn)
  26            {
  27   1          if(SCON0_RI == DONE) {
  28   2               UART_data_RX = SBUF0 ;
  29   2          }
  30   1          if(SCON0_TI == DONE) {
  31   2              SBUF0 = UART_data_TX;
  32   2          }
  33   1          SCON0_RI = CLEAR;
  34   1          SCON0_TI = CLEAR;
  35   1        }
  36          


MODULE INFORMATION:   STATIC OVERLAYABLE
   CODE SIZE        =     20    ----
   CONSTANT SIZE    =   ----    ----
   XDATA SIZE       =   ----    ----
   PDATA SIZE       =   ----    ----
   DATA SIZE        =   ----    ----
   IDATA SIZE       =   ----    ----
   BIT SIZE         =   ----    ----
   EDATA SIZE       =   ----    ----
   HDATA SIZE       =   ----    ----
   XDATA CONST SIZE =   ----    ----
   FAR CONST SIZE   =   ----    ----
END OF MODULE INFORMATION.

C51 COMPILER V9.60.0.0   INTERRUPTS                                                        11/02/2021 15:19:13 PAGE 2   


C51 COMPILATION COMPLETE.  0 WARNING(S),  0 ERROR(S)
