C51 COMPILER V9.60.0.0   INTERRUPTS                                                        09/20/2021 19:07:59 PAGE 1   


C51 COMPILER V9.60.0.0, COMPILATION OF MODULE INTERRUPTS
OBJECT MODULE PLACED IN .\src\Interrupts.OBJ
COMPILER INVOKED BY: C:\SiliconLabs\SimplicityStudio\v5\developer\toolchains\keil_8051\9.60\BIN\C51.exe C:\mikrovez\02\0
                    -2\src\Interrupts.c OMF2 SMALL DEBUG OBJECTEXTEND ROM(LARGE) WARNINGLEVEL(2) FLOATFUZZY(3) OPTIMIZE(8,SPEED) DEFINE(DEBUG
                    -=1) INTVECTOR(0X0000) INTPROMOTE INCDIR(C:\mikrovez\02\02\inc;C:/SiliconLabs/SimplicityStudio/v5/developer/sdks/8051/v4.
                    -2.1//Device/shared/si8051Base;C:/SiliconLabs/SimplicityStudio/v5/developer/sdks/8051/v4.2.1//Device/C8051F850/inc) PRINT
                    -(.\src\Interrupts.lst) COND PAGEWIDTH(120) PAGELENGTH(65) OBJECT(.\src\Interrupts.OBJ)

line level    source

   1          //=========================================================
   2          // src/Interrupts.c: generated by Hardware Configurator
   3          //
   4          // This file will be regenerated when saving a document.
   5          // leave the sections inside the "$[...]" comment tags alone
   6          // or they will be overwritten!
   7          //=========================================================
   8          
   9          // USER INCLUDES
  10          #include <SI_C8051F850_Register_Enums.h>
  11          #define LED0 P1_B0
  12          //-----------------------------------------------------------------------------
  13          // TIMER2_ISR
  14          //-----------------------------------------------------------------------------
  15          //
  16          // TIMER2 ISR Content goes here. Remember to clear flag bits:
  17          // TMR2CN::TF2H (Timer # High Byte Overflow Flag)
  18          // TMR2CN::TF2L (Timer # Low Byte Overflow Flag)
  19          //
  20          //-----------------------------------------------------------------------------
  21          SI_INTERRUPT (TIMER2_ISR, TIMER2_IRQn)
  22            {
  23   1          TMR2CN_TF2H = 0;
  24   1          LED0 = !LED0;
  25   1        }
  26          


MODULE INFORMATION:   STATIC OVERLAYABLE
   CODE SIZE        =      8    ----
   CONSTANT SIZE    =   ----    ----
   XDATA SIZE       =   ----    ----
   PDATA SIZE       =   ----    ----
   DATA SIZE        =   ----    ----
   IDATA SIZE       =   ----    ----
   BIT SIZE         =   ----    ----
   EDATA SIZE       =   ----    ----
   HDATA SIZE       =   ----    ----
   XDATA CONST SIZE =   ----    ----
   FAR CONST SIZE   =   ----    ----
END OF MODULE INFORMATION.


C51 COMPILATION COMPLETE.  0 WARNING(S),  0 ERROR(S)
