C51 COMPILER V9.60.0.0   INTERRUPTS                                                        11/23/2021 14:40:10 PAGE 1   


C51 COMPILER V9.60.0.0, COMPILATION OF MODULE INTERRUPTS
OBJECT MODULE PLACED IN .\src/Interrupts.OBJ
COMPILER INVOKED BY: Z:\opt\simplicitystudio5\developer\toolchains\keil_8051\9.60\BIN\C51.exe /home/minef/git_clones/MCU
                    --lab/10-PWM/03/src/Interrupts.c OMF2 SMALL DEBUG OBJECTEXTEND ROM(LARGE) WARNINGLEVEL(2) FLOATFUZZY(3) OPTIMIZE(8,SPEED)
                    - DEFINE(DEBUG=1) INTVECTOR(0X0000) INTPROMOTE INCDIR(/home/minef/git_clones/MCU-lab/10-PWM/03/inc;/opt/simplicitystudio5
                    -/developer/sdks/8051/v4.2.2//Device/shared/si8051Base;/opt/simplicitystudio5/developer/sdks/8051/v4.2.2//Device/EFM8BB1/
                    -inc) PRINT(.\src/Interrupts.lst) COND PAGEWIDTH(120) PAGELENGTH(65) OBJECT(.\src/Interrupts.OBJ)

line level    source

   1          //=========================================================
   2          // src/Interrupts.c: generated by Hardware Configurator
   3          //
   4          // This file will be regenerated when saving a document.
   5          // leave the sections inside the "$[...]" comment tags alone
   6          // or they will be overwritten!
   7          //=========================================================
   8          
   9          // USER INCLUDES
  10          #include <SI_EFM8BB1_Register_Enums.h>
  11          
  12          //-----------------------------------------------------------------------------
  13          // ADC0EOC_ISR
  14          //-----------------------------------------------------------------------------
  15          //
  16          // ADC0EOC ISR Content goes here. Remember to clear flag bits:
  17          // ADC0CN0::ADINT (Conversion Complete Interrupt Flag)
  18          //
  19          //-----------------------------------------------------------------------------
  20          SI_INTERRUPT (ADC0EOC_ISR, ADC0EOC_IRQn)
  21            {
  22   1          ADC0CN0_ADINT = 0;
  23   1          PCA0CPH0 = ADC0H;
  24   1        }
  25          


MODULE INFORMATION:   STATIC OVERLAYABLE
   CODE SIZE        =      9    ----
   CONSTANT SIZE    =   ----    ----
   XDATA SIZE       =   ----    ----
   PDATA SIZE       =   ----    ----
   DATA SIZE        =   ----    ----
   IDATA SIZE       =   ----    ----
   BIT SIZE         =   ----    ----
   EDATA SIZE       =   ----    ----
   HDATA SIZE       =   ----    ----
   XDATA CONST SIZE =   ----    ----
   FAR CONST SIZE   =   ----    ----
END OF MODULE INFORMATION.


C51 COMPILATION COMPLETE.  0 WARNING(S),  0 ERROR(S)
