C51 COMPILER V9.60.0.0   02_MAIN                                                           09/28/2021 15:21:37 PAGE 1   


C51 COMPILER V9.60.0.0, COMPILATION OF MODULE 02_MAIN
OBJECT MODULE PLACED IN .\src\02_main.OBJ
COMPILER INVOKED BY: C:\SiliconLabs\SimplicityStudio\v5\developer\toolchains\keil_8051\9.60\BIN\C51.exe C:\miclab\04\02\
                    -src\02_main.c OMF2 SMALL DEBUG OBJECTEXTEND ROM(LARGE) WARNINGLEVEL(2) FLOATFUZZY(3) OPTIMIZE(8,SPEED) DEFINE(DEBUG=1) I
                    -NTVECTOR(0X0000) INTPROMOTE INCDIR(C:\miclab\04\02\inc;C:/SiliconLabs/SimplicityStudio/v5/developer/sdks/8051/v4.2.1//De
                    -vice/shared/si8051Base;C:/SiliconLabs/SimplicityStudio/v5/developer/sdks/8051/v4.2.1//Device/EFM8BB1/inc) PRINT(.\src\02
                    -_main.lst) COND PAGEWIDTH(120) PAGELENGTH(65) OBJECT(.\src\02_main.OBJ)

line level    source

   1          //=========================================================
   2          // src/01_main.c: generated by Hardware Configurator
   3          //
   4          // This file will be updated when saving a document.
   5          // leave the sections inside the "$[...]" comment tags alone
   6          // or they will be overwritten!!
   7          //=========================================================
   8          
   9          //-----------------------------------------------------------------------------
  10          // Includes
  11          //-----------------------------------------------------------------------------
  12          #include <SI_EFM8BB1_Register_Enums.h>                  // SFR declarations
  13          #include "InitDevice.h"
  14          // $[Generated Includes]
  15          // [Generated Includes]$
  16          
  17          #define ADC0_DATA_MAX 1024
  18          #define MV_SCALE 1000
  19          #define VDD 3.3
  20          
  21          typedef unsigned short ushort;
  22          typedef unsigned char uchar;
  23          
  24          //-----------------------------------------------------------------------------
  25          // SiLabs_Startup() Routine
  26          // ----------------------------------------------------------------------------
  27          // This function is called immediately after reset, before the initialization
  28          // code is run in SILABS_STARTUP.A51 (which runs before main() ). This is a
  29          // useful place to disable the watchdog timer, which is enable by default
  30          // and may trigger before main() in some instances.
  31          //-----------------------------------------------------------------------------
  32          void SiLabs_Startup (void)
  33          {
  34   1        // $[SiLabs Startup]
  35   1        // [SiLabs Startup]$
  36   1      }
  37          
  38          
  39          ushort measureADC0()
  40          {
  41   1        ADC0CN0_ADINT = 0;
  42   1        ADC0CN0_ADBUSY = 1;
  43   1        while(!ADC0CN0_ADINT);
  44   1        return ADC0;
  45   1      }
  46          
  47          float getADC0DataIn_mV(ushort ADC0Data)
  48          {
  49   1        return (((float)ADC0Data*VDD)/ADC0_DATA_MAX)*MV_SCALE;
  50   1      }
  51          
  52          //-----------------------------------------------------------------------------
C51 COMPILER V9.60.0.0   02_MAIN                                                           09/28/2021 15:21:37 PAGE 2   

  53          // main() Routine
  54          // ----------------------------------------------------------------------------
  55          int main (void)
  56          {
  57   1        ushort ADC0Data = 0;
  58   1        float ADC0Data_mV = 0.0;
  59   1      
  60   1        // Call hardware initialization routine
  61   1        enter_DefaultMode_from_RESET();
  62   1        
  63   1        while (1) 
  64   1        {
  65   2          // $[Generated Run-time code]
  66   2          // [Generated Run-time code]$
  67   2          ADC0Data = measureADC0();
  68   2          ADC0Data_mV= getADC0DataIn_mV(ADC0Data);
  69   2        }                             
  70   1      }


MODULE INFORMATION:   STATIC OVERLAYABLE
   CODE SIZE        =     88    ----
   CONSTANT SIZE    =   ----    ----
   XDATA SIZE       =   ----    ----
   PDATA SIZE       =   ----    ----
   DATA SIZE        =   ----       6
   IDATA SIZE       =   ----    ----
   BIT SIZE         =   ----    ----
   EDATA SIZE       =   ----    ----
   HDATA SIZE       =   ----    ----
   XDATA CONST SIZE =   ----    ----
   FAR CONST SIZE   =   ----    ----
END OF MODULE INFORMATION.


C51 COMPILATION COMPLETE.  0 WARNING(S),  0 ERROR(S)
