C51 COMPILER V9.60.0.0   INITDEVICE                                                        09/28/2021 15:11:26 PAGE 1   


C51 COMPILER V9.60.0.0, COMPILATION OF MODULE INITDEVICE
OBJECT MODULE PLACED IN .\src\InitDevice.OBJ
COMPILER INVOKED BY: C:\SiliconLabs\SimplicityStudio\v5\developer\toolchains\keil_8051\9.60\BIN\C51.exe C:\miclab\04\02\
                    -src\InitDevice.c OMF2 SMALL DEBUG OBJECTEXTEND ROM(LARGE) WARNINGLEVEL(2) FLOATFUZZY(3) OPTIMIZE(8,SPEED) DEFINE(DEBUG=1
                    -) INTVECTOR(0X0000) INTPROMOTE INCDIR(C:\miclab\04\02\inc;C:/SiliconLabs/SimplicityStudio/v5/developer/sdks/8051/v4.2.1/
                    -/Device/shared/si8051Base;C:/SiliconLabs/SimplicityStudio/v5/developer/sdks/8051/v4.2.1//Device/EFM8BB1/inc) PRINT(.\src
                    -\InitDevice.lst) COND PAGEWIDTH(120) PAGELENGTH(65) OBJECT(.\src\InitDevice.OBJ)

line level    source

   1          //=========================================================
   2          // src/InitDevice.c: generated by Hardware Configurator
   3          //
   4          // This file will be regenerated when saving a document.
   5          // leave the sections inside the "$[...]" comment tags alone
   6          // or they will be overwritten!
   7          //=========================================================
   8          
   9          // USER INCLUDES
  10          #include <SI_EFM8BB1_Register_Enums.h>
  11          #include "InitDevice.h"
  12          
  13          // USER PROTOTYPES
  14          // USER FUNCTIONS
  15          
  16          // $[Library Includes]
  17          // [Library Includes]$
  18          
  19          //==============================================================================
  20          // enter_DefaultMode_from_RESET
  21          //==============================================================================
  22          extern void
  23          enter_DefaultMode_from_RESET (void)
  24          {
  25   1        // $[Config Calls]
  26   1        WDT_0_enter_DefaultMode_from_RESET ();
  27   1        PORTS_1_enter_DefaultMode_from_RESET ();
  28   1        PBCFG_0_enter_DefaultMode_from_RESET ();
  29   1        ADC_0_enter_DefaultMode_from_RESET ();
  30   1        VREF_0_enter_DefaultMode_from_RESET ();
  31   1        // [Config Calls]$
  32   1      
  33   1      }
  34          
  35          extern void
  36          WDT_0_enter_DefaultMode_from_RESET (void)
  37          {
  38   1        // $[Watchdog Timer Init Variable Declarations]
  39   1        uint32_t i;
  40   1        bool ea;
  41   1        // [Watchdog Timer Init Variable Declarations]$
  42   1      
  43   1        // $[WDTCN - Watchdog Timer Control]
  44   1        // Deprecated
  45   1        // [WDTCN - Watchdog Timer Control]$
  46   1      
  47   1        // $[WDTCN_2 - Watchdog Timer Control]
  48   1      
  49   1        // Feed WDT timer before disabling (Erratum WDT_E102)
  50   1        WDTCN = 0xA5;
  51   1      
  52   1        // Add 2 LFO cycle delay before disabling WDT (Erratum WDT_E102)
C51 COMPILER V9.60.0.0   INITDEVICE                                                        09/28/2021 15:11:26 PAGE 2   

  53   1        for (i = 0; i < (2 * 3062500UL) / (10000 * 3); i++)
  54   1          {
  55   2            NOP ();
  56   2          }
  57   1      
  58   1        // Disable WDT
  59   1        ea = IE_EA;
  60   1        IE_EA = 0;
  61   1        WDTCN = 0xDE;
  62   1        WDTCN = 0xAD;
  63   1        IE_EA = ea;
  64   1      
  65   1        // [WDTCN_2 - Watchdog Timer Control]$
  66   1      
  67   1      }
  68          
  69          extern void
  70          PORTS_1_enter_DefaultMode_from_RESET (void)
  71          {
  72   1        // $[P1 - Port 1 Pin Latch]
  73   1        // [P1 - Port 1 Pin Latch]$
  74   1      
  75   1        // $[P1MDOUT - Port 1 Output Mode]
  76   1        // [P1MDOUT - Port 1 Output Mode]$
  77   1      
  78   1        // $[P1MDIN - Port 1 Input Mode]
  79   1        /***********************************************************************
  80   1         - P1.0 pin is configured for digital mode
  81   1         - P1.1 pin is configured for digital mode
  82   1         - P1.2 pin is configured for digital mode
  83   1         - P1.3 pin is configured for digital mode
  84   1         - P1.4 pin is configured for digital mode
  85   1         - P1.5 pin is configured for digital mode
  86   1         - P1.6 pin is configured for digital mode
  87   1         - P1.7 pin is configured for analog mode
  88   1         ***********************************************************************/
  89   1        P1MDIN = P1MDIN_B0__DIGITAL | P1MDIN_B1__DIGITAL | P1MDIN_B2__DIGITAL
  90   1            | P1MDIN_B3__DIGITAL | P1MDIN_B4__DIGITAL | P1MDIN_B5__DIGITAL
  91   1            | P1MDIN_B6__DIGITAL | P1MDIN_B7__ANALOG;
  92   1        // [P1MDIN - Port 1 Input Mode]$
  93   1      
  94   1        // $[P1SKIP - Port 1 Skip]
  95   1        /***********************************************************************
  96   1         - P1.0 pin is not skipped by the crossbar
  97   1         - P1.1 pin is not skipped by the crossbar
  98   1         - P1.2 pin is not skipped by the crossbar
  99   1         - P1.3 pin is not skipped by the crossbar
 100   1         - P1.4 pin is not skipped by the crossbar
 101   1         - P1.5 pin is not skipped by the crossbar
 102   1         - P1.6 pin is not skipped by the crossbar
 103   1         - P1.7 pin is skipped by the crossbar
 104   1         ***********************************************************************/
 105   1        P1SKIP = P1SKIP_B0__NOT_SKIPPED | P1SKIP_B1__NOT_SKIPPED
 106   1            | P1SKIP_B2__NOT_SKIPPED | P1SKIP_B3__NOT_SKIPPED | P1SKIP_B4__NOT_SKIPPED
 107   1            | P1SKIP_B5__NOT_SKIPPED | P1SKIP_B6__NOT_SKIPPED | P1SKIP_B7__SKIPPED;
 108   1        // [P1SKIP - Port 1 Skip]$
 109   1      
 110   1        // $[P1MASK - Port 1 Mask]
 111   1        // [P1MASK - Port 1 Mask]$
 112   1      
 113   1        // $[P1MAT - Port 1 Match]
 114   1        // [P1MAT - Port 1 Match]$
 115   1      
C51 COMPILER V9.60.0.0   INITDEVICE                                                        09/28/2021 15:11:26 PAGE 3   

 116   1      }
 117          
 118          extern void
 119          PBCFG_0_enter_DefaultMode_from_RESET (void)
 120          {
 121   1        // $[XBR2 - Port I/O Crossbar 2]
 122   1        /***********************************************************************
 123   1         - Weak Pullups enabled 
 124   1         - Crossbar enabled
 125   1         ***********************************************************************/
 126   1        XBR2 = XBR2_WEAKPUD__PULL_UPS_ENABLED | XBR2_XBARE__ENABLED;
 127   1        // [XBR2 - Port I/O Crossbar 2]$
 128   1      
 129   1        // $[PRTDRV - Port Drive Strength]
 130   1        // [PRTDRV - Port Drive Strength]$
 131   1      
 132   1        // $[XBR0 - Port I/O Crossbar 0]
 133   1        // [XBR0 - Port I/O Crossbar 0]$
 134   1      
 135   1        // $[XBR1 - Port I/O Crossbar 1]
 136   1        // [XBR1 - Port I/O Crossbar 1]$
 137   1      
 138   1      }
 139          
 140          extern void
 141          ADC_0_enter_DefaultMode_from_RESET (void)
 142          {
 143   1        // $[ADC0CN1 - ADC0 Control 1]
 144   1        // [ADC0CN1 - ADC0 Control 1]$
 145   1      
 146   1        // $[ADC0MX - ADC0 Multiplexer Selection]
 147   1        /***********************************************************************
 148   1         - Select ADC0.15
 149   1         ***********************************************************************/
 150   1        ADC0MX = ADC0MX_ADC0MX__ADC0P15;
 151   1        // [ADC0MX - ADC0 Multiplexer Selection]$
 152   1      
 153   1        // $[ADC0CF - ADC0 Configuration]
 154   1        /***********************************************************************
 155   1         - SAR Clock Divider = 0x00
 156   1         - ADC0 operates in 10-bit or 12-bit mode 
 157   1         - The on-chip PGA gain is 1
 158   1         - Normal Track Mode
 159   1         ***********************************************************************/
 160   1        ADC0CF = (0x00 << ADC0CF_ADSC__SHIFT) | ADC0CF_AD8BE__NORMAL
 161   1            | ADC0CF_ADGN__GAIN_1 | ADC0CF_ADTM__TRACK_NORMAL;
 162   1        // [ADC0CF - ADC0 Configuration]$
 163   1      
 164   1        // $[ADC0AC - ADC0 Accumulator Configuration]
 165   1        // [ADC0AC - ADC0 Accumulator Configuration]$
 166   1      
 167   1        // $[ADC0TK - ADC0 Burst Mode Track Time]
 168   1        // [ADC0TK - ADC0 Burst Mode Track Time]$
 169   1      
 170   1        // $[ADC0PWR - ADC0 Power Control]
 171   1        // [ADC0PWR - ADC0 Power Control]$
 172   1      
 173   1        // $[ADC0GTH - ADC0 Greater-Than High Byte]
 174   1        // [ADC0GTH - ADC0 Greater-Than High Byte]$
 175   1      
 176   1        // $[ADC0GTL - ADC0 Greater-Than Low Byte]
 177   1        // [ADC0GTL - ADC0 Greater-Than Low Byte]$
 178   1      
C51 COMPILER V9.60.0.0   INITDEVICE                                                        09/28/2021 15:11:26 PAGE 4   

 179   1        // $[ADC0LTH - ADC0 Less-Than High Byte]
 180   1        // [ADC0LTH - ADC0 Less-Than High Byte]$
 181   1      
 182   1        // $[ADC0LTL - ADC0 Less-Than Low Byte]
 183   1        // [ADC0LTL - ADC0 Less-Than Low Byte]$
 184   1      
 185   1        // $[ADC0CN0 - ADC0 Control 0]
 186   1        /***********************************************************************
 187   1         - Enable ADC0 
 188   1         ***********************************************************************/
 189   1        ADC0CN0 |= ADC0CN0_ADEN__ENABLED;
 190   1        // [ADC0CN0 - ADC0 Control 0]$
 191   1      
 192   1      }
 193          
 194          extern void
 195          VREF_0_enter_DefaultMode_from_RESET (void)
 196          {
 197   1        // $[REF0CN - Voltage Reference Control]
 198   1        /***********************************************************************
 199   1         - Disable the Temperature Sensor
 200   1         - The ADC0 ground reference is the GND pin
 201   1         - The internal reference operates at 1.65 V nominal
 202   1         - The ADC0 voltage reference is the VDD pin
 203   1         ***********************************************************************/
 204   1        REF0CN = REF0CN_TEMPE__TEMP_DISABLED | REF0CN_GNDSL__GND_PIN
 205   1            | REF0CN_IREFLVL__1P65 | REF0CN_REFSL__VDD_PIN;
 206   1        // [REF0CN - Voltage Reference Control]$
 207   1      
 208   1      }
 209          


MODULE INFORMATION:   STATIC OVERLAYABLE
   CODE SIZE        =    113    ----
   CONSTANT SIZE    =   ----    ----
   XDATA SIZE       =   ----    ----
   PDATA SIZE       =   ----    ----
   DATA SIZE        =   ----       4
   IDATA SIZE       =   ----    ----
   BIT SIZE         =   ----       1
   EDATA SIZE       =   ----    ----
   HDATA SIZE       =   ----    ----
   XDATA CONST SIZE =   ----    ----
   FAR CONST SIZE   =   ----    ----
END OF MODULE INFORMATION.


C51 COMPILATION COMPLETE.  0 WARNING(S),  0 ERROR(S)
