C51 COMPILER V9.60.0.0   BUTTONMODES                                                       09/20/2021 23:00:37 PAGE 1   


C51 COMPILER V9.60.0.0, COMPILATION OF MODULE BUTTONMODES
OBJECT MODULE PLACED IN .\src\ButtonModes.OBJ
COMPILER INVOKED BY: C:\SiliconLabs\SimplicityStudio\v5\developer\toolchains\keil_8051\9.60\BIN\C51.exe C:\Users\minef\S
                    -implicityStudio\v5_workspace\szorgalmi\src\ButtonModes.c OMF2 SMALL DEBUG OBJECTEXTEND ROM(LARGE) WARNINGLEVEL(2) FLOATF
                    -UZZY(3) OPTIMIZE(8,SPEED) DEFINE(DEBUG=1) INTVECTOR(0X0000) INTPROMOTE INCDIR(C:\Users\minef\SimplicityStudio\v5_workspa
                    -ce\szorgalmi\inc;C:/SiliconLabs/SimplicityStudio/v5/developer/sdks/8051/v4.2.1//Device/shared/si8051Base;C:/SiliconLabs/
                    -SimplicityStudio/v5/developer/sdks/8051/v4.2.1//Device/C8051F850/inc) PRINT(.\src\ButtonModes.lst) COND PAGEWIDTH(120) P
                    -AGELENGTH(65) OBJECT(.\src\ButtonModes.OBJ)

line level    source

   1          #include "ButtonModes.h"
   2          #include <SI_C8051F850_Register_Enums.h>
   3          
   4          void BTN0_set_TIMER01_0_TH0_val(BTN_MODE mode) {
   5   1        switch (mode) {
   6   2          case BTN0_MODE_15HZ :
   7   2            TH0 = (0x7B << TH0_TH0__SHIFT);
   8   2            break;
   9   2      
  10   2          case BTN0_MODE_20HZ :
  11   2            TH0 = (0x9C << TH0_TH0__SHIFT);
  12   2            break;
  13   2      
  14   2          case BTN0_MODE_100HZ :
  15   2            TH0 = (0xEC << TH0_TH0__SHIFT);
  16   2            break;
  17   2        }
  18   1      }


MODULE INFORMATION:   STATIC OVERLAYABLE
   CODE SIZE        =     23    ----
   CONSTANT SIZE    =   ----    ----
   XDATA SIZE       =   ----    ----
   PDATA SIZE       =   ----    ----
   DATA SIZE        =   ----    ----
   IDATA SIZE       =   ----    ----
   BIT SIZE         =   ----    ----
   EDATA SIZE       =   ----    ----
   HDATA SIZE       =   ----    ----
   XDATA CONST SIZE =   ----    ----
   FAR CONST SIZE   =   ----    ----
END OF MODULE INFORMATION.


C51 COMPILATION COMPLETE.  0 WARNING(S),  0 ERROR(S)
