C51 COMPILER V9.60.0.0   INTERRUPTS                                                        09/20/2021 23:16:46 PAGE 1   


C51 COMPILER V9.60.0.0, COMPILATION OF MODULE INTERRUPTS
OBJECT MODULE PLACED IN .\src\Interrupts.OBJ
COMPILER INVOKED BY: C:\SiliconLabs\SimplicityStudio\v5\developer\toolchains\keil_8051\9.60\BIN\C51.exe C:\Users\minef\S
                    -implicityStudio\v5_workspace\szorgalmi\src\Interrupts.c OMF2 SMALL DEBUG OBJECTEXTEND ROM(LARGE) WARNINGLEVEL(2) FLOATFU
                    -ZZY(3) OPTIMIZE(8,SPEED) DEFINE(DEBUG=1) INTVECTOR(0X0000) INTPROMOTE INCDIR(C:\Users\minef\SimplicityStudio\v5_workspac
                    -e\szorgalmi\inc;C:/SiliconLabs/SimplicityStudio/v5/developer/sdks/8051/v4.2.1//Device/shared/si8051Base;C:/SiliconLabs/S
                    -implicityStudio/v5/developer/sdks/8051/v4.2.1//Device/C8051F850/inc) PRINT(.\src\Interrupts.lst) COND PAGEWIDTH(120) PAG
                    -ELENGTH(65) OBJECT(.\src\Interrupts.OBJ)

line level    source

   1          //=========================================================
   2          // src/Interrupts.c: generated by Hardware Configurator
   3          //
   4          // This file will be regenerated when saving a document.
   5          // leave the sections inside the "$[...]" comment tags alone
   6          // or they will be overwritten!
   7          //=========================================================
   8          
   9          // USER INCLUDES
  10          #include <SI_C8051F850_Register_Enums.h>
  11          #include "IncludesBasics.h"
  12          #include "ButtonModes.h"
  13          volatile U8 counter;
  14          extern BTN_MODE BTN0_mode;
  15          
  16          //-----------------------------------------------------------------------------
  17          // TIMER0_ISR
  18          //-----------------------------------------------------------------------------
  19          //
  20          // TIMER0 ISR Content goes here. Remember to clear flag bits:
  21          // TCON::TF0 (Timer 0 Overflow Flag)
  22          //
  23          //-----------------------------------------------------------------------------
  24          SI_INTERRUPT (TIMER0_ISR, TIMER0_IRQn)
  25            {
  26   1          TCON_TF0 = 0;
  27   1          LED0 = !LED0; // for debugging purposes
  28   1          counter++;
  29   1        }


MODULE INFORMATION:   STATIC OVERLAYABLE
   CODE SIZE        =     10    ----
   CONSTANT SIZE    =   ----    ----
   XDATA SIZE       =   ----    ----
   PDATA SIZE       =   ----    ----
   DATA SIZE        =      1    ----
   IDATA SIZE       =   ----    ----
   BIT SIZE         =   ----    ----
   EDATA SIZE       =   ----    ----
   HDATA SIZE       =   ----    ----
   XDATA CONST SIZE =   ----    ----
   FAR CONST SIZE   =   ----    ----
END OF MODULE INFORMATION.


C51 COMPILATION COMPLETE.  0 WARNING(S),  0 ERROR(S)
