C51 COMPILER V9.60.0.0   02_MAIN                                                           10/12/2021 15:46:50 PAGE 1   


C51 COMPILER V9.60.0.0, COMPILATION OF MODULE 02_MAIN
OBJECT MODULE PLACED IN .\src\02_main.OBJ
COMPILER INVOKED BY: C:\SiliconLabs\SimplicityStudio\v5\developer\toolchains\keil_8051\9.60\BIN\C51.exe C:\miclab\06\02\
                    -src\02_main.c OMF2 SMALL DEBUG OBJECTEXTEND ROM(LARGE) WARNINGLEVEL(2) FLOATFUZZY(3) OPTIMIZE(8,SPEED) DEFINE(DEBUG=1) I
                    -NTVECTOR(0X0000) INTPROMOTE INCDIR(C:\miclab\06\02\inc;C:/SiliconLabs/SimplicityStudio/v5/developer/sdks/8051/v4.2.1//De
                    -vice/shared/si8051Base;C:/SiliconLabs/SimplicityStudio/v5/developer/sdks/8051/v4.2.1//Device/EFM8BB1/inc) PRINT(.\src\02
                    -_main.lst) COND PAGEWIDTH(120) PAGELENGTH(65) OBJECT(.\src\02_main.OBJ)

line level    source

   1          //=========================================================
   2          // src/01_main.c: generated by Hardware Configurator
   3          //
   4          // This file will be updated when saving a document.
   5          // leave the sections inside the "$[...]" comment tags alone
   6          // or they will be overwritten!!
   7          //=========================================================
   8          
   9          //-----------------------------------------------------------------------------
  10          // Includes
  11          //-----------------------------------------------------------------------------
  12          #include <SI_EFM8BB1_Register_Enums.h>                  // SFR declarations
  13          #include "InitDevice.h"
  14          // $[Generated Includes]
  15          // [Generated Includes]$
  16          
  17          #define OFF 1
  18          #define ON 0
  19          
  20          volatile int counter=0;
  21          
  22          // DECODER defines
  23          #define DECODER_A P1_B1
  24          #define DECODER_B P1_B2
  25          #define DECODER_C P0_B4
  26          
  27          // SHIFT REGISTER defines
  28          #define DISP_CLOCK P0_B0
  29          #define DISP_DATA P0_B2
  30          #define DISP_OUT_ENABLE P0_B3
  31          
  32          uint8_t shift = 0;
  33          uint8_t output = 0;
  34          uint8_t bitSelector = 7;
  35          
  36          //-----------------------------------------------------------------------------
  37          // SiLabs_Startup() Routine
  38          // ----------------------------------------------------------------------------
  39          // This function is called immediately after reset, before the initialization
  40          // code is run in SILABS_STARTUP.A51 (which runs before main() ). This is a
  41          // useful place to disable the watchdog timer, which is enable by default
  42          // and may trigger before main() in some instances.
  43          //-----------------------------------------------------------------------------
  44          void SiLabs_Startup (void)
  45          {
  46   1        // $[SiLabs Startup]
  47   1        // [SiLabs Startup]$
  48   1      }
  49          
  50          void displayData (uint8_t inputData)
  51          {
  52   1        inputData = ~inputData;
C51 COMPILER V9.60.0.0   02_MAIN                                                           10/12/2021 15:46:50 PAGE 2   

  53   1        DISP_OUT_ENABLE = 1 ;
  54   1        for(bitSelector = 0; bitSelector < 8; bitSelector++)
  55   1          {
  56   2            shift = 1 << bitSelector;
  57   2            DISP_DATA = (inputData >> (7-bitSelector)) & 1U;
  58   2            DISP_CLOCK = OFF;
  59   2            DISP_CLOCK = ON;
  60   2          }
  61   1        DISP_OUT_ENABLE = 0;
  62   1        DISP_OUT_ENABLE = 1;
  63   1        DISP_OUT_ENABLE = 0;
  64   1      }
  65          
  66          void lamp()
  67          {
  68   1      displayData(2U);
  69   1        while(counter<10);
  70   1        counter = 0;
  71   1        displayData(4U);
  72   1        while(counter<5);
  73   1        counter = 0;
  74   1        displayData(8U);
  75   1        while(counter<10);
  76   1        counter = 0;
  77   1      }
  78          //-----------------------------------------------------------------------------
  79          // main() Routine
  80          // ----------------------------------------------------------------------------
  81          int main (void){
  82   1      
  83   1        // Call hardware initialization routine
  84   1        enter_DefaultMode_from_RESET();
  85   1        // T5 LED select from decoder
  86   1        DECODER_A = ON;
  87   1        DECODER_B = ON;
  88   1        DECODER_C = OFF;
  89   1      
  90   1      
  91   1      
  92   1        while (1) 
  93   1        {
  94   2          // $[Generated Run-time code]
  95   2          // [Generated Run-time code]$
  96   2            lamp();
  97   2      
  98   2        }
  99   1      }


MODULE INFORMATION:   STATIC OVERLAYABLE
   CODE SIZE        =    152    ----
   CONSTANT SIZE    =   ----    ----
   XDATA SIZE       =   ----    ----
   PDATA SIZE       =   ----    ----
   DATA SIZE        =      5    ----
   IDATA SIZE       =   ----    ----
   BIT SIZE         =   ----    ----
   EDATA SIZE       =   ----    ----
   HDATA SIZE       =   ----    ----
   XDATA CONST SIZE =   ----    ----
   FAR CONST SIZE   =   ----    ----
END OF MODULE INFORMATION.


C51 COMPILATION COMPLETE.  0 WARNING(S),  0 ERROR(S)
