C51 COMPILER V9.60.0.0   BUTTONMODES                                                       09/21/2021 15:18:50 PAGE 1   


C51 COMPILER V9.60.0.0, COMPILATION OF MODULE BUTTONMODES
OBJECT MODULE PLACED IN .\src\ButtonModes.OBJ
COMPILER INVOKED BY: C:\SiliconLabs\SimplicityStudio\v5\developer\toolchains\keil_8051\9.60\BIN\C51.exe C:\Users\minef\S
                    -implicityStudio\v5_workspace\01\src\ButtonModes.c OMF2 SMALL DEBUG OBJECTEXTEND ROM(LARGE) WARNINGLEVEL(2) FLOATFUZZY(3)
                    - OPTIMIZE(8,SPEED) DEFINE(DEBUG=1) INTVECTOR(0X0000) INTPROMOTE INCDIR(C:\Users\minef\SimplicityStudio\v5_workspace\01\i
                    -nc;C:/SiliconLabs/SimplicityStudio/v5/developer/sdks/8051/v4.2.1//Device/shared/si8051Base;C:/SiliconLabs/SimplicityStud
                    -io/v5/developer/sdks/8051/v4.2.1//Device/EFM8BB1/inc) PRINT(.\src\ButtonModes.lst) COND PAGEWIDTH(120) PAGELENGTH(65) OB
                    -JECT(.\src\ButtonModes.OBJ)

line level    source

   1          #include "ButtonModes.h"
   2          #include <SI_EFM8BB1_Register_Enums.h>
   3          
   4          extern char delayer;
   5          
   6          void BTN0_set_TIMER01_0_TH0_val(BTN_MODE mode) {
   7   1        switch (mode) {
   8   2          case BTN0_MODE_5HZ :
   9   2            delayer = 0;
  10   2            while (delayer < 2) delayer++;
  11   2            TH0 = (TM0_VAL_5HZ << TH0_TH0__SHIFT);
  12   2            delayer = 0;
  13   2            break;
  14   2      
  15   2          case BTN0_MODE_20HZ :
  16   2            TH0 = (TM0_VAL_20HZ << TH0_TH0__SHIFT);
  17   2            break;
  18   2      
  19   2          case BTN0_MODE_100HZ :
  20   2            TH0 = (TM0_VAL_100HZ << TH0_TH0__SHIFT);
  21   2            break;
  22   2        }
  23   1      }


MODULE INFORMATION:   STATIC OVERLAYABLE
   CODE SIZE        =     51    ----
   CONSTANT SIZE    =   ----    ----
   XDATA SIZE       =   ----    ----
   PDATA SIZE       =   ----    ----
   DATA SIZE        =   ----    ----
   IDATA SIZE       =   ----    ----
   BIT SIZE         =   ----    ----
   EDATA SIZE       =   ----    ----
   HDATA SIZE       =   ----    ----
   XDATA CONST SIZE =   ----    ----
   FAR CONST SIZE   =   ----    ----
END OF MODULE INFORMATION.


C51 COMPILATION COMPLETE.  0 WARNING(S),  0 ERROR(S)
