C51 COMPILER V9.60.0.0   INTERRUPTS                                                        09/21/2021 15:18:51 PAGE 1   


C51 COMPILER V9.60.0.0, COMPILATION OF MODULE INTERRUPTS
OBJECT MODULE PLACED IN .\src\Interrupts.OBJ
COMPILER INVOKED BY: C:\SiliconLabs\SimplicityStudio\v5\developer\toolchains\keil_8051\9.60\BIN\C51.exe C:\Users\minef\S
                    -implicityStudio\v5_workspace\01\src\Interrupts.c OMF2 SMALL DEBUG OBJECTEXTEND ROM(LARGE) WARNINGLEVEL(2) FLOATFUZZY(3) 
                    -OPTIMIZE(8,SPEED) DEFINE(DEBUG=1) INTVECTOR(0X0000) INTPROMOTE INCDIR(C:\Users\minef\SimplicityStudio\v5_workspace\01\in
                    -c;C:/SiliconLabs/SimplicityStudio/v5/developer/sdks/8051/v4.2.1//Device/shared/si8051Base;C:/SiliconLabs/SimplicityStudi
                    -o/v5/developer/sdks/8051/v4.2.1//Device/EFM8BB1/inc) PRINT(.\src\Interrupts.lst) COND PAGEWIDTH(120) PAGELENGTH(65) OBJE
                    -CT(.\src\Interrupts.OBJ)

line level    source

   1          //=========================================================
   2          // src/Interrupts.c: generated by Hardware Configurator
   3          //
   4          // This file will be regenerated when saving a document.
   5          // leave the sections inside the "$[...]" comment tags alone
   6          // or they will be overwritten!
   7          //=========================================================
   8          
   9          // USER INCLUDES
  10          #include <SI_EFM8BB1_Register_Enums.h>
  11          #include "IncludesBasics.h"
  12          
  13          volatile uint8_t rattle_counter = 0;
  14          
  15          //-----------------------------------------------------------------------------
  16          // TIMER0_ISR
  17          //-----------------------------------------------------------------------------
  18          //
  19          // TIMER0 ISR Content goes here. Remember to clear flag bits:
  20          // TCON::TF0 (Timer 0 Overflow Flag)
  21          //
  22          //-----------------------------------------------------------------------------
  23          SI_INTERRUPT (TIMER0_ISR, TIMER0_IRQn)
  24            {
  25   1          TCON_TF0 = 0;
  26   1          LED0 = !LED0;
  27   1          rattle_counter++;
  28   1        }
  29          


MODULE INFORMATION:   STATIC OVERLAYABLE
   CODE SIZE        =     10    ----
   CONSTANT SIZE    =   ----    ----
   XDATA SIZE       =   ----    ----
   PDATA SIZE       =   ----    ----
   DATA SIZE        =      1    ----
   IDATA SIZE       =   ----    ----
   BIT SIZE         =   ----    ----
   EDATA SIZE       =   ----    ----
   HDATA SIZE       =   ----    ----
   XDATA CONST SIZE =   ----    ----
   FAR CONST SIZE   =   ----    ----
END OF MODULE INFORMATION.


C51 COMPILATION COMPLETE.  0 WARNING(S),  0 ERROR(S)
