C51 COMPILER V9.60.0.0   03_MAIN                                                           09/20/2021 19:36:09 PAGE 1   


C51 COMPILER V9.60.0.0, COMPILATION OF MODULE 03_MAIN
OBJECT MODULE PLACED IN .\src\03_main.OBJ
COMPILER INVOKED BY: C:\SiliconLabs\SimplicityStudio\v5\developer\toolchains\keil_8051\9.60\BIN\C51.exe C:\mikrovez\02\0
                    -3\03\src\03_main.c OMF2 SMALL DEBUG OBJECTEXTEND ROM(LARGE) WARNINGLEVEL(2) FLOATFUZZY(3) OPTIMIZE(8,SPEED) DEFINE(DEBUG
                    -=1) INTVECTOR(0X0000) INTPROMOTE INCDIR(C:\mikrovez\02\03\03\inc;C:/SiliconLabs/SimplicityStudio/v5/developer/sdks/8051/
                    -v4.2.1//Device/shared/si8051Base;C:/SiliconLabs/SimplicityStudio/v5/developer/sdks/8051/v4.2.1//Device/C8051F850/inc) PR
                    -INT(.\src\03_main.lst) COND PAGEWIDTH(120) PAGELENGTH(65) OBJECT(.\src\03_main.OBJ)

line level    source

   1          //=========================================================
   2          // src/03_main.c: generated by Hardware Configurator
   3          //
   4          // This file will be updated when saving a document.
   5          // leave the sections inside the "$[...]" comment tags alone
   6          // or they will be overwritten!!
   7          //=========================================================
   8          
   9          //-----------------------------------------------------------------------------
  10          // Includes
  11          //-----------------------------------------------------------------------------
  12          #include <SI_C8051F850_Register_Enums.h>                  // SFR declarations
  13          #include "InitDevice.h"
  14          // $[Generated Includes]
  15          // [Generated Includes]$
  16          
  17          typedef uint8_t U8;
  18          
  19          #define LED0 P1_B0
  20          #define BTN0 P1_B7
  21          
  22          #define ON 0
  23          #define OFF 1
  24          
  25          extern U8 counter;
  26          //-----------------------------------------------------------------------------
  27          // SiLabs_Startup() Routine
  28          // ----------------------------------------------------------------------------
  29          // This function is called immediately after reset, before the initialization
  30          // code is run in SILABS_STARTUP.A51 (which runs before main() ). This is a
  31          // useful place to disable the watchdog timer, which is enable by default
  32          // and may trigger before main() in some instances.
  33          //-----------------------------------------------------------------------------
  34          void SiLabs_Startup (void)
  35          {
  36   1        // $[SiLabs Startup]
  37   1        // [SiLabs Startup]$
  38   1      }
  39          //-----------------------------------------------------------------------------
  40          // main() Routine
  41          // ----------------------------------------------------------------------------
  42          int main (void)
  43          {
  44   1        // Call hardware initialization routine
  45   1        enter_DefaultMode_from_RESET();
  46   1        while (1) 
  47   1        {
  48   2          // $[Generated Run-time code]
  49   2          // [Generated Run-time code]$
  50   2          if (BTN0 == ON) {
  51   3              counter = 0;
  52   3              while(counter <  6); // lenyomás perrgésmentesítése
C51 COMPILER V9.60.0.0   03_MAIN                                                           09/20/2021 19:36:09 PAGE 2   

  53   3              LED0 = !LED0;
  54   3              while(BTN0 == ON); // várunk, amíg le van nyomva
  55   3              counter = 0;
  56   3              while(counter <  6); // felengedés perrgésmentesítése
  57   3          }
  58   2        }                             
  59   1      }


MODULE INFORMATION:   STATIC OVERLAYABLE
   CODE SIZE        =     42    ----
   CONSTANT SIZE    =   ----    ----
   XDATA SIZE       =   ----    ----
   PDATA SIZE       =   ----    ----
   DATA SIZE        =   ----    ----
   IDATA SIZE       =   ----    ----
   BIT SIZE         =   ----    ----
   EDATA SIZE       =   ----    ----
   HDATA SIZE       =   ----    ----
   XDATA CONST SIZE =   ----    ----
   FAR CONST SIZE   =   ----    ----
END OF MODULE INFORMATION.


C51 COMPILATION COMPLETE.  0 WARNING(S),  0 ERROR(S)
