C51 COMPILER V9.60.0.0   FELADAT_1_MAIN                                                    11/02/2021 14:48:49 PAGE 1   


C51 COMPILER V9.60.0.0, COMPILATION OF MODULE FELADAT_1_MAIN
OBJECT MODULE PLACED IN .\src\feladat_1_main.OBJ
COMPILER INVOKED BY: c:\SiliconLabs\SimplicityStudio\v5\developer\toolchains\keil_8051\9.60\BIN\C51.exe C:\Users\hallgat
                    -o\SimplicityStudio\v5_workspace\feladat_1\src\feladat_1_main.c OMF2 SMALL DEBUG OBJECTEXTEND ROM(LARGE) WARNINGLEVEL(2) 
                    -FLOATFUZZY(3) OPTIMIZE(8,SPEED) DEFINE(DEBUG=1) INTVECTOR(0X0000) INTPROMOTE INCDIR(C:\Users\hallgato\SimplicityStudio\v
                    -5_workspace\feladat_1\inc;C:/SiliconLabs/SimplicityStudio/v5/developer/sdks/8051/v4.2.1//Device/shared/si8051Base;C:/Sil
                    -iconLabs/SimplicityStudio/v5/developer/sdks/8051/v4.2.1//Device/EFM8BB1/inc) PRINT(.\src\feladat_1_main.lst) COND PAGEWI
                    -DTH(120) PAGELENGTH(65) OBJECT(.\src\feladat_1_main.OBJ)

line level    source

   1          //=========================================================
   2          // src/feladat_1_main.c: generated by Hardware Configurator
   3          //
   4          // This file will be updated when saving a document.
   5          // leave the sections inside the "$[...]" comment tags alone
   6          // or they will be overwritten!!
   7          //=========================================================
   8          
   9          //-----------------------------------------------------------------------------
  10          // Includes
  11          //-----------------------------------------------------------------------------
  12          #include <SI_EFM8BB1_Register_Enums.h>                  // SFR declarations
  13          #include "InitDevice.h"
  14          
  15          #define BTN0 P0_B2
  16          
  17          uint8_t dataSend;
  18          
  19          // $[Generated Includes]
  20          // [Generated Includes]$
  21          
  22          //-----------------------------------------------------------------------------
  23          // SiLabs_Startup() Routine
  24          // ----------------------------------------------------------------------------
  25          // This function is called immediately after reset, before the initialization
  26          // code is run in SILABS_STARTUP.A51 (which runs before main() ). This is a
  27          // useful place to disable the watchdog timer, which is enable by default
  28          // and may trigger before main() in some instances.
  29          //-----------------------------------------------------------------------------
  30          void SiLabs_Startup (void)
  31          {
  32   1        // $[SiLabs Startup]
  33   1        // [SiLabs Startup]$
  34   1      }
  35          
  36          //-----------------------------------------------------------------------------
  37          // main() Routine
  38          // ----------------------------------------------------------------------------
  39          int main (void)
  40          {
  41   1        // Call hardware initialization routine
  42   1        enter_DefaultMode_from_RESET();
  43   1      
  44   1        dataSend = 'L';
  45   1      
  46   1        SCON0_TI = 1;
  47   1      
  48   1        while (1) 
  49   1        {
  50   2          if(!BTN0)
  51   2          {
C51 COMPILER V9.60.0.0   FELADAT_1_MAIN                                                    11/02/2021 14:48:49 PAGE 2   

  52   3              SBUF0 = dataSend;
  53   3              while(!SCON0_TI);
  54   3              SCON0_TI = 0;
  55   3          }
  56   2          // $[Generated Run-time code]
  57   2          // [Generated Run-time code]$
  58   2        }                             
  59   1      }


MODULE INFORMATION:   STATIC OVERLAYABLE
   CODE SIZE        =     22    ----
   CONSTANT SIZE    =   ----    ----
   XDATA SIZE       =   ----    ----
   PDATA SIZE       =   ----    ----
   DATA SIZE        =      1    ----
   IDATA SIZE       =   ----    ----
   BIT SIZE         =   ----    ----
   EDATA SIZE       =   ----    ----
   HDATA SIZE       =   ----    ----
   XDATA CONST SIZE =   ----    ----
   FAR CONST SIZE   =   ----    ----
END OF MODULE INFORMATION.


C51 COMPILATION COMPLETE.  0 WARNING(S),  0 ERROR(S)
