C51 COMPILER V9.60.0.0   INTERRUPTS                                                        10/05/2021 15:05:37 PAGE 1   


C51 COMPILER V9.60.0.0, COMPILATION OF MODULE INTERRUPTS
OBJECT MODULE PLACED IN .\src\Interrupts.OBJ
COMPILER INVOKED BY: C:\SiliconLabs\SimplicityStudio\v5\developer\toolchains\keil_8051\9.60\BIN\C51.exe C:\miclab\05\01\
                    -src\Interrupts.c OMF2 SMALL DEBUG OBJECTEXTEND ROM(LARGE) WARNINGLEVEL(2) FLOATFUZZY(3) OPTIMIZE(8,SPEED) DEFINE(DEBUG=1
                    -) INTVECTOR(0X0000) INTPROMOTE INCDIR(C:\miclab\05\01\inc;C:/SiliconLabs/SimplicityStudio/v5/developer/sdks/8051/v4.2.1/
                    -/Device/shared/si8051Base;C:/SiliconLabs/SimplicityStudio/v5/developer/sdks/8051/v4.2.1//Device/EFM8BB1/inc) PRINT(.\src
                    -\Interrupts.lst) COND PAGEWIDTH(120) PAGELENGTH(65) OBJECT(.\src\Interrupts.OBJ)

line level    source

   1          //=========================================================
   2          // src/Interrupts.c: generated by Hardware Configurator
   3          //
   4          // This file will be regenerated when saving a document.
   5          // leave the sections inside the "$[...]" comment tags alone
   6          // or they will be overwritten!
   7          //=========================================================
   8          
   9          // USER INCLUDES
  10          #include <SI_EFM8BB1_Register_Enums.h>
  11          extern uint16_t ADC0_data;
  12          
  13          //-----------------------------------------------------------------------------
  14          // ADC0EOC_ISR
  15          //-----------------------------------------------------------------------------
  16          //
  17          // ADC0EOC ISR Content goes here. Remember to clear flag bits:
  18          // ADC0CN0::ADINT (Conversion Complete Interrupt Flag)
  19          //
  20          //-----------------------------------------------------------------------------
  21          SI_INTERRUPT (ADC0EOC_ISR, ADC0EOC_IRQn)
  22            {
  23   1          ADC0CN0_ADINT = 0;
  24   1          ADC0_data = ADC0;
  25   1        }
  26          


MODULE INFORMATION:   STATIC OVERLAYABLE
   CODE SIZE        =     12    ----
   CONSTANT SIZE    =   ----    ----
   XDATA SIZE       =   ----    ----
   PDATA SIZE       =   ----    ----
   DATA SIZE        =   ----    ----
   IDATA SIZE       =   ----    ----
   BIT SIZE         =   ----    ----
   EDATA SIZE       =   ----    ----
   HDATA SIZE       =   ----    ----
   XDATA CONST SIZE =   ----    ----
   FAR CONST SIZE   =   ----    ----
END OF MODULE INFORMATION.


C51 COMPILATION COMPLETE.  0 WARNING(S),  0 ERROR(S)
