C51 COMPILER V9.60.0.0   02_MAIN                                                           11/16/2021 15:10:26 PAGE 1   


C51 COMPILER V9.60.0.0, COMPILATION OF MODULE 02_MAIN
OBJECT MODULE PLACED IN .\src\02_main.OBJ
COMPILER INVOKED BY: C:\SiliconLabs\SimplicityStudio\v5\developer\toolchains\keil_8051\9.60\BIN\C51.exe C:\Users\hallgat
                    -o\SimplicityStudio\v5_workspace\02\src\02_main.c OMF2 SMALL DEBUG OBJECTEXTEND ROM(LARGE) WARNINGLEVEL(2) FLOATFUZZY(3) 
                    -OPTIMIZE(8,SPEED) DEFINE(DEBUG=1) INTVECTOR(0X0000) INTPROMOTE INCDIR(C:\Users\hallgato\SimplicityStudio\v5_workspace\02
                    -\inc;C:/SiliconLabs/SimplicityStudio/v5/developer/sdks/8051/v4.2.1//Device/shared/si8051Base;C:/SiliconLabs/SimplicitySt
                    -udio/v5/developer/sdks/8051/v4.2.1//Device/EFM8BB1/inc) PRINT(.\src\02_main.lst) COND PAGEWIDTH(120) PAGELENGTH(65) OBJE
                    -CT(.\src\02_main.OBJ)

line level    source

   1          //=========================================================
   2          // src/02_main.c: generated by Hardware Configurator
   3          //
   4          // This file will be updated when saving a document.
   5          // leave the sections inside the "$[...]" comment tags alone
   6          // or they will be overwritten!!
   7          //=========================================================
   8          
   9          //-----------------------------------------------------------------------------
  10          // Includes
  11          //-----------------------------------------------------------------------------
  12          #include <SI_EFM8BB1_Register_Enums.h>                  // SFR declarations
  13          #include "InitDevice.h"
  14          // $[Generated Includes]
  15          // [Generated Includes]$
  16          
  17          
  18          //-----------------------------------------------------------------------------
  19          // SiLabs_Startup() Routine
  20          // ----------------------------------------------------------------------------
  21          // This function is called immediately after reset, before the initialization
  22          // code is run in SILABS_STARTUP.A51 (which runs before main() ). This is a
  23          // useful place to disable the watchdog timer, which is enable by default
  24          // and may trigger before main() in some instances.
  25          //-----------------------------------------------------------------------------
  26          void SiLabs_Startup (void)
  27          {
  28   1        // $[SiLabs Startup]
  29   1        // [SiLabs Startup]$
  30   1      }
  31          
  32          //-----------------------------------------------------------------------------
  33          // main() Routine
  34          // ----------------------------------------------------------------------------
  35          int main (void)
  36          {
  37   1        // Call hardware initialization routine
  38   1        enter_DefaultMode_from_RESET();
  39   1        
  40   1        while (1) 
  41   1        {
  42   2          // $[Generated Run-time code]
  43   2          // [Generated Run-time code]$
  44   2        }                             
  45   1      }


MODULE INFORMATION:   STATIC OVERLAYABLE
   CODE SIZE        =      6    ----
   CONSTANT SIZE    =   ----    ----
   XDATA SIZE       =   ----    ----
C51 COMPILER V9.60.0.0   02_MAIN                                                           11/16/2021 15:10:26 PAGE 2   

   PDATA SIZE       =   ----    ----
   DATA SIZE        =   ----    ----
   IDATA SIZE       =   ----    ----
   BIT SIZE         =   ----    ----
   EDATA SIZE       =   ----    ----
   HDATA SIZE       =   ----    ----
   XDATA CONST SIZE =   ----    ----
   FAR CONST SIZE   =   ----    ----
END OF MODULE INFORMATION.


C51 COMPILATION COMPLETE.  0 WARNING(S),  0 ERROR(S)
