C51 COMPILER V9.60.0.0   01_MAIN                                                           10/12/2021 15:32:23 PAGE 1   


C51 COMPILER V9.60.0.0, COMPILATION OF MODULE 01_MAIN
OBJECT MODULE PLACED IN .\src\01_main.OBJ
COMPILER INVOKED BY: C:\SiliconLabs\SimplicityStudio\v5\developer\toolchains\keil_8051\9.60\BIN\C51.exe C:\miclab\06\01\
                    -src\01_main.c OMF2 SMALL DEBUG OBJECTEXTEND ROM(LARGE) WARNINGLEVEL(2) FLOATFUZZY(3) OPTIMIZE(8,SPEED) DEFINE(DEBUG=1) I
                    -NTVECTOR(0X0000) INTPROMOTE INCDIR(C:\miclab\06\01\inc;C:/SiliconLabs/SimplicityStudio/v5/developer/sdks/8051/v4.2.1//De
                    -vice/shared/si8051Base;C:/SiliconLabs/SimplicityStudio/v5/developer/sdks/8051/v4.2.1//Device/EFM8BB1/inc) PRINT(.\src\01
                    -_main.lst) COND PAGEWIDTH(120) PAGELENGTH(65) OBJECT(.\src\01_main.OBJ)

line level    source

   1          //=========================================================
   2          // src/01_main.c: generated by Hardware Configurator
   3          //
   4          // This file will be updated when saving a document.
   5          // leave the sections inside the "$[...]" comment tags alone
   6          // or they will be overwritten!!
   7          //=========================================================
   8          
   9          //-----------------------------------------------------------------------------
  10          // Includes
  11          //-----------------------------------------------------------------------------
  12          #include <SI_EFM8BB1_Register_Enums.h>                  // SFR declarations
  13          #include "InitDevice.h"
  14          // $[Generated Includes]
  15          // [Generated Includes]$
  16          
  17          #define OFF 1
  18          #define ON 0
  19          
  20          // DECODER defines
  21          #define DECODER_A P1_B1
  22          #define DECODER_B P1_B2
  23          #define DECODER_C P0_B4
  24          
  25          // SHIFT REGISTER defines
  26          #define DISP_CLOCK P0_B0
  27          #define DISP_DATA P0_B2
  28          #define DISP_OUT_ENABLE P0_B3
  29          
  30          uint8_t shift = 0;
  31          uint8_t output = 0;
  32          uint8_t bitSelector = 7;
  33          
  34          //-----------------------------------------------------------------------------
  35          // SiLabs_Startup() Routine
  36          // ----------------------------------------------------------------------------
  37          // This function is called immediately after reset, before the initialization
  38          // code is run in SILABS_STARTUP.A51 (which runs before main() ). This is a
  39          // useful place to disable the watchdog timer, which is enable by default
  40          // and may trigger before main() in some instances.
  41          //-----------------------------------------------------------------------------
  42          void SiLabs_Startup (void)
  43          {
  44   1        // $[SiLabs Startup]
  45   1        // [SiLabs Startup]$
  46   1      }
  47          
  48          void displayData (uint8_t inputData)
  49          {
  50   1        inputData = ~inputData;
  51   1        DISP_OUT_ENABLE = 1 ;
  52   1        for(bitSelector = 0; bitSelector < 8; bitSelector++)
C51 COMPILER V9.60.0.0   01_MAIN                                                           10/12/2021 15:32:23 PAGE 2   

  53   1          {
  54   2            shift = 1 << bitSelector;
  55   2            DISP_DATA = (inputData >> (7-bitSelector)) & 1U;
  56   2            DISP_CLOCK = OFF;
  57   2            DISP_CLOCK = ON;
  58   2          }
  59   1        DISP_OUT_ENABLE = 0;
  60   1        DISP_OUT_ENABLE = 1;
  61   1        DISP_OUT_ENABLE = 0;
  62   1      }
  63          
  64          //-----------------------------------------------------------------------------
  65          // main() Routine
  66          // ----------------------------------------------------------------------------
  67          int main (void)
  68          {
  69   1        // Call hardware initialization routine
  70   1        enter_DefaultMode_from_RESET();
  71   1        // T5 LED select from decoder
  72   1        DECODER_A = ON;
  73   1        DECODER_B = ON;
  74   1        DECODER_C = OFF;
  75   1      
  76   1        displayData(1U);
  77   1      
  78   1        while (1) 
  79   1        {
  80   2          // $[Generated Run-time code]
  81   2          // [Generated Run-time code]$
  82   2      
  83   2      
  84   2        }
  85   1      }


MODULE INFORMATION:   STATIC OVERLAYABLE
   CODE SIZE        =     84    ----
   CONSTANT SIZE    =   ----    ----
   XDATA SIZE       =   ----    ----
   PDATA SIZE       =   ----    ----
   DATA SIZE        =      3    ----
   IDATA SIZE       =   ----    ----
   BIT SIZE         =   ----    ----
   EDATA SIZE       =   ----    ----
   HDATA SIZE       =   ----    ----
   XDATA CONST SIZE =   ----    ----
   FAR CONST SIZE   =   ----    ----
END OF MODULE INFORMATION.


C51 COMPILATION COMPLETE.  0 WARNING(S),  0 ERROR(S)
